c:\users\dwalme\source\repos\mupdf-converter\mupdflib\release\mupdfclasscallers.obj
c:\users\dwalme\source\repos\mupdf-converter\mupdflib\release\mupdfclass.obj
c:\users\dwalme\source\repos\mupdf-converter\mupdflib\release\vc143.pdb
c:\users\dwalme\source\repos\mupdf-converter\mupdflib\release\mupdflib-x64.dll
c:\users\dwalme\source\repos\mupdf-converter\mupdflib\release\mupdflib-x64.pdb
c:\users\dwalme\source\repos\mupdf-converter\mupdflib\release\mupdflib-x86.dll
c:\users\dwalme\source\repos\mupdf-converter\mupdflib\release\mupdflib-x86.pdb
c:\users\dwalme\source\repos\mupdf-converter\mupdflib\release\mupdflib-x64.lib
c:\users\dwalme\source\repos\mupdf-converter\mupdflib\release\mupdflib-x64.exp
c:\users\dwalme\source\repos\mupdf-converter\mupdflib\release\mupdflib-x64.ipdb
c:\users\dwalme\source\repos\mupdf-converter\mupdflib\release\mupdflib-x64.iobj
c:\users\dwalme\source\repos\mupdf-converter\mupdflib\release\mupdflib-x86.lib
c:\users\dwalme\source\repos\mupdf-converter\mupdflib\release\mupdflib-x86.exp
c:\users\dwalme\source\repos\mupdf-converter\mupdflib\release\mupdflib-x86.ipdb
c:\users\dwalme\source\repos\mupdf-converter\mupdflib\release\mupdflib-x86.iobj
c:\users\dwalme\source\repos\mupdf-converter\mupdflib\release\version.res
c:\users\dwalme\source\repos\mupdf-converter\mupdflib\release\mupdflib.tlog\cl.12840.write.1.tlog
c:\users\dwalme\source\repos\mupdf-converter\mupdflib\release\mupdflib.tlog\cl.command.1.tlog
c:\users\dwalme\source\repos\mupdf-converter\mupdflib\release\mupdflib.tlog\cl.read.1.tlog
c:\users\dwalme\source\repos\mupdf-converter\mupdflib\release\mupdflib.tlog\link.command.1.tlog
c:\users\dwalme\source\repos\mupdf-converter\mupdflib\release\mupdflib.tlog\link.read.1.tlog
c:\users\dwalme\source\repos\mupdf-converter\mupdflib\release\mupdflib.tlog\link.write.1.tlog
c:\users\dwalme\source\repos\mupdf-converter\mupdflib\release\mupdflib.tlog\mupdflib.write.1u.tlog
c:\users\dwalme\source\repos\mupdf-converter\mupdflib\release\mupdflib.tlog\rc.command.1.tlog
c:\users\dwalme\source\repos\mupdf-converter\mupdflib\release\mupdflib.tlog\rc.read.1.tlog
c:\users\dwalme\source\repos\mupdf-converter\mupdflib\release\mupdflib.tlog\rc.write.1.tlog
